This file contains any messages produced by compilers while
running configure, to aid debugging if configure makes a mistake.

It was created by rsl configure v1.50, which was
generated by GNU Autoconf 2.71.  Invocation command line was

  $ ./configure --prefix=/usr/local

## --------- ##
## Platform. ##
## --------- ##

hostname = jen
uname -m = x86_64
uname -r = 5.15.0-69-generic
uname -s = Linux
uname -v = #76-Ubuntu SMP Fri Mar 17 17:19:29 UTC 2023

/usr/bin/uname -p = x86_64
/bin/uname -X     = unknown

/bin/arch              = x86_64
/usr/bin/arch -k       = unknown
/usr/convex/getsysinfo = unknown
/usr/bin/hostinfo      = unknown
/bin/machine           = unknown
/usr/bin/oslevel       = unknown
/bin/universe          = unknown

PATH: /home/tbiscaro/mambaforge/envs/pyart_env/bin/
PATH: /home/tbiscaro/mambaforge/condabin/
PATH: /usr/local/sbin/
PATH: /usr/local/bin/
PATH: /usr/sbin/
PATH: /usr/bin/
PATH: /sbin/
PATH: /bin/
PATH: /usr/games/
PATH: /usr/local/games/
PATH: /snap/bin/
PATH: /home/tbiscaro/.local/bin/
PATH: /home/tbiscaro/bin/
PATH: /home/tbiscaro/bin/
PATH: /home/tbiscaro/NetCDF/bin/
PATH: /home/tbiscaro/NCL/bin/
PATH: /usr/local/lrose/bin/


## ----------- ##
## Core tests. ##
## ----------- ##

configure:2423: looking for aux files: config.guess config.sub ltmain.sh compile missing install-sh
configure:2436:  trying ./
configure:2465:   ./config.guess found
configure:2465:   ./config.sub found
configure:2465:   ./ltmain.sh found
configure:2465:   ./compile found
configure:2465:   ./missing found
configure:2447:   ./install-sh found
configure:2595: checking for a BSD-compatible install
configure:2668: result: /usr/bin/install -c
configure:2679: checking whether build environment is sane
configure:2734: result: yes
configure:2893: checking for a race-free mkdir -p
configure:2937: result: /usr/bin/mkdir -p
configure:2944: checking for gawk
configure:2979: result: no
configure:2944: checking for mawk
configure:2965: found /usr/bin/mawk
configure:2976: result: mawk
configure:2987: checking whether make sets $(MAKE)
configure:3010: result: yes
configure:3040: checking whether make supports nested variables
configure:3058: result: yes
configure:3262: checking for gcc
configure:3283: found /usr/bin/gcc
configure:3294: result: gcc
configure:3647: checking for C compiler version
configure:3656: gcc --version >&5
gcc (Ubuntu 11.3.0-1ubuntu1~22.04) 11.3.0
Copyright (C) 2021 Free Software Foundation, Inc.
This is free software; see the source for copying conditions.  There is NO
warranty; not even for MERCHANTABILITY or FITNESS FOR A PARTICULAR PURPOSE.

configure:3667: $? = 0
configure:3656: gcc -v >&5
Using built-in specs.
COLLECT_GCC=gcc
COLLECT_LTO_WRAPPER=/usr/lib/gcc/x86_64-linux-gnu/11/lto-wrapper
OFFLOAD_TARGET_NAMES=nvptx-none:amdgcn-amdhsa
OFFLOAD_TARGET_DEFAULT=1
Target: x86_64-linux-gnu
Configured with: ../src/configure -v --with-pkgversion='Ubuntu 11.3.0-1ubuntu1~22.04' --with-bugurl=file:///usr/share/doc/gcc-11/README.Bugs --enable-languages=c,ada,c++,go,brig,d,fortran,objc,obj-c++,m2 --prefix=/usr --with-gcc-major-version-only --program-suffix=-11 --program-prefix=x86_64-linux-gnu- --enable-shared --enable-linker-build-id --libexecdir=/usr/lib --without-included-gettext --enable-threads=posix --libdir=/usr/lib --enable-nls --enable-bootstrap --enable-clocale=gnu --enable-libstdcxx-debug --enable-libstdcxx-time=yes --with-default-libstdcxx-abi=new --enable-gnu-unique-object --disable-vtable-verify --enable-plugin --enable-default-pie --with-system-zlib --enable-libphobos-checking=release --with-target-system-zlib=auto --enable-objc-gc=auto --enable-multiarch --disable-werror --enable-cet --with-arch-32=i686 --with-abi=m64 --with-multilib-list=m32,m64,mx32 --enable-multilib --with-tune=generic --enable-offload-targets=nvptx-none=/build/gcc-11-xKiWfi/gcc-11-11.3.0/debian/tmp-nvptx/usr,amdgcn-amdhsa=/build/gcc-11-xKiWfi/gcc-11-11.3.0/debian/tmp-gcn/usr --without-cuda-driver --enable-checking=release --build=x86_64-linux-gnu --host=x86_64-linux-gnu --target=x86_64-linux-gnu --with-build-config=bootstrap-lto-lean --enable-link-serialization=2
Thread model: posix
Supported LTO compression algorithms: zlib zstd
gcc version 11.3.0 (Ubuntu 11.3.0-1ubuntu1~22.04) 
... rest of stderr output deleted ...
configure:3667: $? = 0
configure:3656: gcc -V >&5
gcc: error: unrecognized command-line option '-V'
gcc: fatal error: no input files
compilation terminated.
configure:3667: $? = 1
configure:3656: gcc -qversion >&5
gcc: error: unrecognized command-line option '-qversion'; did you mean '--version'?
gcc: fatal error: no input files
compilation terminated.
configure:3667: $? = 1
configure:3656: gcc -version >&5
gcc: error: unrecognized command-line option '-version'
gcc: fatal error: no input files
compilation terminated.
configure:3667: $? = 1
configure:3687: checking whether the C compiler works
configure:3709: gcc -I/usr/include/hdf5/serial/ -L/usr/lib/x86_64-linux-gnu/hdf5/serial/   conftest.c  >&5
configure:3713: $? = 0
configure:3763: result: yes
configure:3766: checking for C compiler default output file name
configure:3768: result: a.out
configure:3774: checking for suffix of executables
configure:3781: gcc -o conftest -I/usr/include/hdf5/serial/ -L/usr/lib/x86_64-linux-gnu/hdf5/serial/   conftest.c  >&5
configure:3785: $? = 0
configure:3808: result: 
configure:3830: checking whether we are cross compiling
configure:3838: gcc -o conftest -I/usr/include/hdf5/serial/ -L/usr/lib/x86_64-linux-gnu/hdf5/serial/   conftest.c  >&5
configure:3842: $? = 0
configure:3849: ./conftest
configure:3853: $? = 0
configure:3868: result: no
configure:3873: checking for suffix of object files
configure:3896: gcc -c -I/usr/include/hdf5/serial/ -L/usr/lib/x86_64-linux-gnu/hdf5/serial/  conftest.c >&5
configure:3900: $? = 0
configure:3922: result: o
configure:3926: checking whether the compiler supports GNU C
configure:3946: gcc -c -I/usr/include/hdf5/serial/ -L/usr/lib/x86_64-linux-gnu/hdf5/serial/  conftest.c >&5
configure:3946: $? = 0
configure:3956: result: yes
configure:3967: checking whether gcc accepts -g
configure:3988: gcc -c -g  conftest.c >&5
configure:3988: $? = 0
configure:4032: result: yes
configure:4052: checking for gcc option to enable C11 features
configure:4067: gcc  -c -I/usr/include/hdf5/serial/ -L/usr/lib/x86_64-linux-gnu/hdf5/serial/  conftest.c >&5
configure:4067: $? = 0
configure:4085: result: none needed
configure:4201: checking whether gcc understands -c and -o together
configure:4224: gcc -c conftest.c -o conftest2.o
configure:4227: $? = 0
configure:4224: gcc -c conftest.c -o conftest2.o
configure:4227: $? = 0
configure:4239: result: yes
configure:4259: checking whether make supports the include directive
configure:4274: make -f confmf.GNU && cat confinc.out
this is the am__doit target
configure:4277: $? = 0
configure:4296: result: yes (GNU style)
configure:4322: checking dependency style of gcc
configure:4434: result: gcc3
configure:4481: checking build system type
configure:4496: result: x86_64-unknown-linux-gnu
configure:4516: checking host system type
configure:4530: result: x86_64-unknown-linux-gnu
configure:4571: checking how to print strings
configure:4598: result: printf
configure:4619: checking for a sed that does not truncate output
configure:4689: result: /usr/bin/sed
configure:4707: checking for grep that handles long lines and -e
configure:4771: result: /usr/bin/grep
configure:4776: checking for egrep
configure:4844: result: /usr/bin/grep -E
configure:4849: checking for fgrep
configure:4917: result: /usr/bin/grep -F
configure:4953: checking for ld used by gcc
configure:5021: result: /usr/bin/ld
configure:5028: checking if the linker (/usr/bin/ld) is GNU ld
configure:5044: result: yes
configure:5056: checking for BSD- or MS-compatible name lister (nm)
configure:5111: result: /usr/bin/nm -B
configure:5251: checking the name lister (/usr/bin/nm -B) interface
configure:5259: gcc -c -I/usr/include/hdf5/serial/ -L/usr/lib/x86_64-linux-gnu/hdf5/serial/  conftest.c >&5
configure:5262: /usr/bin/nm -B "conftest.o"
configure:5265: output
0000000000000000 B some_variable
configure:5272: result: BSD nm
configure:5275: checking whether ln -s works
configure:5279: result: yes
configure:5287: checking the maximum length of command line arguments
configure:5419: result: 1572864
configure:5467: checking how to convert x86_64-unknown-linux-gnu file names to x86_64-unknown-linux-gnu format
configure:5508: result: func_convert_file_noop
configure:5515: checking how to convert x86_64-unknown-linux-gnu file names to toolchain format
configure:5536: result: func_convert_file_noop
configure:5543: checking for /usr/bin/ld option to reload object files
configure:5551: result: -r
configure:5630: checking for file
configure:5651: found /usr/bin/file
configure:5662: result: file
configure:5738: checking for objdump
configure:5759: found /usr/bin/objdump
configure:5770: result: objdump
configure:5802: checking how to recognize dependent libraries
configure:6003: result: pass_all
configure:6093: checking for dlltool
configure:6128: result: no
configure:6158: checking how to associate runtime and link libraries
configure:6186: result: printf %s\n
configure:6252: checking for ar
configure:6273: found /usr/bin/ar
configure:6284: result: ar
configure:6337: checking for archiver @FILE support
configure:6355: gcc -c -I/usr/include/hdf5/serial/ -L/usr/lib/x86_64-linux-gnu/hdf5/serial/  conftest.c >&5
configure:6355: $? = 0
configure:6359: ar cr libconftest.a @conftest.lst >&5
configure:6362: $? = 0
configure:6367: ar cr libconftest.a @conftest.lst >&5
ar: conftest.o: No such file or directory
configure:6370: $? = 1
configure:6382: result: @
configure:6445: checking for strip
configure:6466: found /usr/bin/strip
configure:6477: result: strip
configure:6554: checking for ranlib
configure:6575: found /usr/bin/ranlib
configure:6586: result: ranlib
configure:6688: checking command to parse /usr/bin/nm -B output from gcc object
configure:6842: gcc -c -I/usr/include/hdf5/serial/ -L/usr/lib/x86_64-linux-gnu/hdf5/serial/  conftest.c >&5
configure:6845: $? = 0
configure:6849: /usr/bin/nm -B conftest.o \| /usr/bin/sed -n -e 's/^.*[ ]\([ABCDGIRSTW][ABCDGIRSTW]*\)[ ][ ]*\([_A-Za-z][_A-Za-z0-9]*\)$/\1 \2 \2/p' | /usr/bin/sed '/ __gnu_lto/d' \> conftest.nm
configure:6852: $? = 0
configure:6918: gcc -o conftest -I/usr/include/hdf5/serial/ -L/usr/lib/x86_64-linux-gnu/hdf5/serial/   conftest.c conftstm.o >&5
configure:6921: $? = 0
configure:6959: result: ok
configure:7006: checking for sysroot
configure:7037: result: no
configure:7044: checking for a working dd
configure:7088: result: /usr/bin/dd
configure:7092: checking how to truncate binary pipes
configure:7108: result: /usr/bin/dd bs=4096 count=1
configure:7245: gcc -c -I/usr/include/hdf5/serial/ -L/usr/lib/x86_64-linux-gnu/hdf5/serial/  conftest.c >&5
configure:7248: $? = 0
configure:7445: checking for mt
configure:7466: found /usr/bin/mt
configure:7477: result: mt
configure:7500: checking if mt is a manifest tool
configure:7507: mt '-?'
configure:7515: result: no
configure:8240: checking for stdio.h
configure:8240: gcc -c -I/usr/include/hdf5/serial/ -L/usr/lib/x86_64-linux-gnu/hdf5/serial/  conftest.c >&5
configure:8240: $? = 0
configure:8240: result: yes
configure:8240: checking for stdlib.h
configure:8240: gcc -c -I/usr/include/hdf5/serial/ -L/usr/lib/x86_64-linux-gnu/hdf5/serial/  conftest.c >&5
configure:8240: $? = 0
configure:8240: result: yes
configure:8240: checking for string.h
configure:8240: gcc -c -I/usr/include/hdf5/serial/ -L/usr/lib/x86_64-linux-gnu/hdf5/serial/  conftest.c >&5
configure:8240: $? = 0
configure:8240: result: yes
configure:8240: checking for inttypes.h
configure:8240: gcc -c -I/usr/include/hdf5/serial/ -L/usr/lib/x86_64-linux-gnu/hdf5/serial/  conftest.c >&5
configure:8240: $? = 0
configure:8240: result: yes
configure:8240: checking for stdint.h
configure:8240: gcc -c -I/usr/include/hdf5/serial/ -L/usr/lib/x86_64-linux-gnu/hdf5/serial/  conftest.c >&5
configure:8240: $? = 0
configure:8240: result: yes
configure:8240: checking for strings.h
configure:8240: gcc -c -I/usr/include/hdf5/serial/ -L/usr/lib/x86_64-linux-gnu/hdf5/serial/  conftest.c >&5
configure:8240: $? = 0
configure:8240: result: yes
configure:8240: checking for sys/stat.h
configure:8240: gcc -c -I/usr/include/hdf5/serial/ -L/usr/lib/x86_64-linux-gnu/hdf5/serial/  conftest.c >&5
configure:8240: $? = 0
configure:8240: result: yes
configure:8240: checking for sys/types.h
configure:8240: gcc -c -I/usr/include/hdf5/serial/ -L/usr/lib/x86_64-linux-gnu/hdf5/serial/  conftest.c >&5
configure:8240: $? = 0
configure:8240: result: yes
configure:8240: checking for unistd.h
configure:8240: gcc -c -I/usr/include/hdf5/serial/ -L/usr/lib/x86_64-linux-gnu/hdf5/serial/  conftest.c >&5
configure:8240: $? = 0
configure:8240: result: yes
configure:8265: checking for dlfcn.h
configure:8265: gcc -c -I/usr/include/hdf5/serial/ -L/usr/lib/x86_64-linux-gnu/hdf5/serial/  conftest.c >&5
configure:8265: $? = 0
configure:8265: result: yes
configure:8524: checking for objdir
configure:8540: result: .libs
configure:8804: checking if gcc supports -fno-rtti -fno-exceptions
configure:8823: gcc -c -I/usr/include/hdf5/serial/ -L/usr/lib/x86_64-linux-gnu/hdf5/serial/  -fno-rtti -fno-exceptions conftest.c >&5
cc1: warning: command-line option '-fno-rtti' is valid for C++/D/ObjC++ but not for C
configure:8827: $? = 0
configure:8840: result: no
configure:9198: checking for gcc option to produce PIC
configure:9206: result: -fPIC -DPIC
configure:9214: checking if gcc PIC flag -fPIC -DPIC works
configure:9233: gcc -c -I/usr/include/hdf5/serial/ -L/usr/lib/x86_64-linux-gnu/hdf5/serial/  -fPIC -DPIC -DPIC conftest.c >&5
configure:9237: $? = 0
configure:9250: result: yes
configure:9279: checking if gcc static flag -static works
configure:9308: result: yes
configure:9323: checking if gcc supports -c -o file.o
configure:9345: gcc -c -I/usr/include/hdf5/serial/ -L/usr/lib/x86_64-linux-gnu/hdf5/serial/  -o out/conftest2.o conftest.c >&5
configure:9349: $? = 0
configure:9371: result: yes
configure:9379: checking if gcc supports -c -o file.o
configure:9427: result: yes
configure:9460: checking whether the gcc linker (/usr/bin/ld -m elf_x86_64) supports shared libraries
configure:10728: result: yes
configure:10765: checking whether -lc should be explicitly linked in
configure:10774: gcc -c -I/usr/include/hdf5/serial/ -L/usr/lib/x86_64-linux-gnu/hdf5/serial/  conftest.c >&5
configure:10777: $? = 0
configure:10792: gcc -shared  -fPIC -DPIC conftest.o  -v -Wl,-soname -Wl,conftest -o conftest 2\>\&1 \| /usr/bin/grep  -lc  \>/dev/null 2\>\&1
configure:10795: $? = 0
configure:10809: result: no
configure:10969: checking dynamic linker characteristics
configure:11551: gcc -o conftest -I/usr/include/hdf5/serial/ -L/usr/lib/x86_64-linux-gnu/hdf5/serial/   -Wl,-rpath -Wl,/foo conftest.c  >&5
configure:11551: $? = 0
configure:11790: result: GNU/Linux ld.so
configure:11912: checking how to hardcode library paths into programs
configure:11937: result: immediate
configure:12489: checking whether stripping libraries is possible
configure:12498: result: yes
configure:12540: checking if libtool supports shared libraries
configure:12542: result: yes
configure:12545: checking whether to build shared libraries
configure:12570: result: yes
configure:12573: checking whether to build static libraries
configure:12577: result: yes
configure:12618: checking for bison
configure:12653: result: no
configure:12618: checking for byacc
configure:12653: result: no
configure:12666: checking for flex
configure:12701: result: no
configure:12666: checking for lex
configure:12701: result: no
configure:12944: checking whether ln -s works
configure:12948: result: yes
configure:12959: checking for egrep
configure:13027: result: /usr/bin/grep -E
configure:13033: checking for sys/wait.h that is POSIX.1 compatible
configure:13060: gcc -c -I/usr/include/hdf5/serial/ -L/usr/lib/x86_64-linux-gnu/hdf5/serial/  conftest.c >&5
configure:13060: $? = 0
configure:13068: result: yes
configure:13076: checking for fcntl.h
configure:13076: gcc -c -I/usr/include/hdf5/serial/ -L/usr/lib/x86_64-linux-gnu/hdf5/serial/  conftest.c >&5
configure:13076: $? = 0
configure:13076: result: yes
configure:13082: checking for malloc.h
configure:13082: gcc -c -I/usr/include/hdf5/serial/ -L/usr/lib/x86_64-linux-gnu/hdf5/serial/  conftest.c >&5
configure:13082: $? = 0
configure:13082: result: yes
configure:13088: checking for strings.h
configure:13088: result: yes
configure:13094: checking for unistd.h
configure:13094: result: yes
configure:13102: checking for an ANSI C-conforming const
configure:13169: gcc -c -I/usr/include/hdf5/serial/ -L/usr/lib/x86_64-linux-gnu/hdf5/serial/  conftest.c >&5
configure:13169: $? = 0
configure:13177: result: yes
configure:13185: checking for size_t
configure:13185: gcc -c -I/usr/include/hdf5/serial/ -L/usr/lib/x86_64-linux-gnu/hdf5/serial/  conftest.c >&5
configure:13185: $? = 0
configure:13185: gcc -c -I/usr/include/hdf5/serial/ -L/usr/lib/x86_64-linux-gnu/hdf5/serial/  conftest.c >&5
conftest.c: In function 'main':
conftest.c:59:21: error: expected expression before ')' token
   59 | if (sizeof ((size_t)))
      |                     ^
configure:13185: $? = 1
configure: failed program was:
| /* confdefs.h */
| #define PACKAGE_NAME "rsl"
| #define PACKAGE_TARNAME "rsl"
| #define PACKAGE_VERSION "v1.50"
| #define PACKAGE_STRING "rsl v1.50"
| #define PACKAGE_BUGREPORT ""
| #define PACKAGE_URL ""
| #define PACKAGE "rsl"
| #define VERSION "v1.50"
| #define HAVE_STDIO_H 1
| #define HAVE_STDLIB_H 1
| #define HAVE_STRING_H 1
| #define HAVE_INTTYPES_H 1
| #define HAVE_STDINT_H 1
| #define HAVE_STRINGS_H 1
| #define HAVE_SYS_STAT_H 1
| #define HAVE_SYS_TYPES_H 1
| #define HAVE_UNISTD_H 1
| #define STDC_HEADERS 1
| #define HAVE_DLFCN_H 1
| #define LT_OBJDIR ".libs/"
| #define HAVE_SYS_WAIT_H 1
| #define HAVE_FCNTL_H 1
| #define HAVE_MALLOC_H 1
| #define HAVE_STRINGS_H 1
| #define HAVE_UNISTD_H 1
| /* end confdefs.h.  */
| #include <stddef.h>
| #ifdef HAVE_STDIO_H
| # include <stdio.h>
| #endif
| #ifdef HAVE_STDLIB_H
| # include <stdlib.h>
| #endif
| #ifdef HAVE_STRING_H
| # include <string.h>
| #endif
| #ifdef HAVE_INTTYPES_H
| # include <inttypes.h>
| #endif
| #ifdef HAVE_STDINT_H
| # include <stdint.h>
| #endif
| #ifdef HAVE_STRINGS_H
| # include <strings.h>
| #endif
| #ifdef HAVE_SYS_TYPES_H
| # include <sys/types.h>
| #endif
| #ifdef HAVE_SYS_STAT_H
| # include <sys/stat.h>
| #endif
| #ifdef HAVE_UNISTD_H
| # include <unistd.h>
| #endif
| int
| main (void)
| {
| if (sizeof ((size_t)))
| 	    return 0;
|   ;
|   return 0;
| }
configure:13185: result: yes
configure:13195: checking whether struct tm is in sys/time.h or time.h
configure:13216: gcc -c -I/usr/include/hdf5/serial/ -L/usr/lib/x86_64-linux-gnu/hdf5/serial/  conftest.c >&5
configure:13216: $? = 0
configure:13224: result: time.h
configure:13233: checking for mktime
configure:13233: gcc -o conftest -I/usr/include/hdf5/serial/ -L/usr/lib/x86_64-linux-gnu/hdf5/serial/   conftest.c  >&5
configure:13233: $? = 0
configure:13233: result: yes
configure:13239: checking for strdup
configure:13239: gcc -o conftest -I/usr/include/hdf5/serial/ -L/usr/lib/x86_64-linux-gnu/hdf5/serial/   conftest.c  >&5
conftest.c:45:6: warning: conflicting types for built-in function 'strdup'; expected 'char *(const char *)' [-Wbuiltin-declaration-mismatch]
   45 | char strdup ();
      |      ^~~~~~
configure:13239: $? = 0
configure:13239: result: yes
configure:13245: checking for strstr
configure:13245: gcc -o conftest -I/usr/include/hdf5/serial/ -L/usr/lib/x86_64-linux-gnu/hdf5/serial/   conftest.c  >&5
conftest.c:46:6: warning: conflicting types for built-in function 'strstr'; expected 'char *(const char *, const char *)' [-Wbuiltin-declaration-mismatch]
   46 | char strstr ();
      |      ^~~~~~
conftest.c:38:1: note: 'strstr' is declared in header '<string.h>'
   37 | #include <limits.h>
   38 | #undef strstr
configure:13245: $? = 0
configure:13245: result: yes
configure:13270: checking for _implode in -limplode
configure:13293: gcc -o conftest -I/usr/include/hdf5/serial/ -L/usr/lib/x86_64-linux-gnu/hdf5/serial/   conftest.c -limplode -L/usr/local/lib -lz -lm -lbz2 -lhdf5 -lhdf5_hl >&5
/usr/bin/ld: cannot find -limplode: No such file or directory
collect2: error: ld returned 1 exit status
configure:13293: $? = 1
configure: failed program was:
| /* confdefs.h */
| #define PACKAGE_NAME "rsl"
| #define PACKAGE_TARNAME "rsl"
| #define PACKAGE_VERSION "v1.50"
| #define PACKAGE_STRING "rsl v1.50"
| #define PACKAGE_BUGREPORT ""
| #define PACKAGE_URL ""
| #define PACKAGE "rsl"
| #define VERSION "v1.50"
| #define HAVE_STDIO_H 1
| #define HAVE_STDLIB_H 1
| #define HAVE_STRING_H 1
| #define HAVE_INTTYPES_H 1
| #define HAVE_STDINT_H 1
| #define HAVE_STRINGS_H 1
| #define HAVE_SYS_STAT_H 1
| #define HAVE_SYS_TYPES_H 1
| #define HAVE_UNISTD_H 1
| #define STDC_HEADERS 1
| #define HAVE_DLFCN_H 1
| #define LT_OBJDIR ".libs/"
| #define HAVE_SYS_WAIT_H 1
| #define HAVE_FCNTL_H 1
| #define HAVE_MALLOC_H 1
| #define HAVE_STRINGS_H 1
| #define HAVE_UNISTD_H 1
| #define HAVE_MKTIME 1
| #define HAVE_STRDUP 1
| #define HAVE_STRSTR 1
| #define HAVE_LASSEN 0
| /* end confdefs.h.  */
| 
| /* Override any GCC internal prototype to avoid an error.
|    Use char because int might match the return type of a GCC
|    builtin and then its argument prototype would still apply.  */
| char _implode ();
| int
| main (void)
| {
| return _implode ();
|   ;
|   return 0;
| }
configure:13303: result: no
configure:13313: checking for jpeg_CreateCompress in -ljpeg
configure:13336: gcc -o conftest -I/usr/include/hdf5/serial/ -L/usr/lib/x86_64-linux-gnu/hdf5/serial/   conftest.c -ljpeg -L/usr/local/lib -lz -lm -lbz2 -lhdf5 -lhdf5_hl >&5
configure:13336: $? = 0
configure:13346: result: yes
configure:13356: checking for DFopen in -ldf
configure:13379: gcc -o conftest -I/usr/include/hdf5/serial/ -L/usr/lib/x86_64-linux-gnu/hdf5/serial/   conftest.c -ldf -L/usr/local/lib -ljpeg -lz -lm -lbz2 -lhdf5 -lhdf5_hl >&5
/usr/bin/ld: cannot find -ldf: No such file or directory
collect2: error: ld returned 1 exit status
configure:13379: $? = 1
configure: failed program was:
| /* confdefs.h */
| #define PACKAGE_NAME "rsl"
| #define PACKAGE_TARNAME "rsl"
| #define PACKAGE_VERSION "v1.50"
| #define PACKAGE_STRING "rsl v1.50"
| #define PACKAGE_BUGREPORT ""
| #define PACKAGE_URL ""
| #define PACKAGE "rsl"
| #define VERSION "v1.50"
| #define HAVE_STDIO_H 1
| #define HAVE_STDLIB_H 1
| #define HAVE_STRING_H 1
| #define HAVE_INTTYPES_H 1
| #define HAVE_STDINT_H 1
| #define HAVE_STRINGS_H 1
| #define HAVE_SYS_STAT_H 1
| #define HAVE_SYS_TYPES_H 1
| #define HAVE_UNISTD_H 1
| #define STDC_HEADERS 1
| #define HAVE_DLFCN_H 1
| #define LT_OBJDIR ".libs/"
| #define HAVE_SYS_WAIT_H 1
| #define HAVE_FCNTL_H 1
| #define HAVE_MALLOC_H 1
| #define HAVE_STRINGS_H 1
| #define HAVE_UNISTD_H 1
| #define HAVE_MKTIME 1
| #define HAVE_STRDUP 1
| #define HAVE_STRSTR 1
| #define HAVE_LASSEN 0
| #define HAVE_LIBJPEG 1
| /* end confdefs.h.  */
| 
| /* Override any GCC internal prototype to avoid an error.
|    Use char because int might match the return type of a GCC
|    builtin and then its argument prototype would still apply.  */
| char DFopen ();
| int
| main (void)
| {
| return DFopen ();
|   ;
|   return 0;
| }
configure:13389: result: no
configure:13399: checking for SDstart in -lmfhdf
configure:13422: gcc -o conftest -I/usr/include/hdf5/serial/ -L/usr/lib/x86_64-linux-gnu/hdf5/serial/   conftest.c -lmfhdf -L/usr/local/lib -ljpeg -lz -lm -lbz2 -lhdf5 -lhdf5_hl >&5
/usr/bin/ld: cannot find -lmfhdf: No such file or directory
collect2: error: ld returned 1 exit status
configure:13422: $? = 1
configure: failed program was:
| /* confdefs.h */
| #define PACKAGE_NAME "rsl"
| #define PACKAGE_TARNAME "rsl"
| #define PACKAGE_VERSION "v1.50"
| #define PACKAGE_STRING "rsl v1.50"
| #define PACKAGE_BUGREPORT ""
| #define PACKAGE_URL ""
| #define PACKAGE "rsl"
| #define VERSION "v1.50"
| #define HAVE_STDIO_H 1
| #define HAVE_STDLIB_H 1
| #define HAVE_STRING_H 1
| #define HAVE_INTTYPES_H 1
| #define HAVE_STDINT_H 1
| #define HAVE_STRINGS_H 1
| #define HAVE_SYS_STAT_H 1
| #define HAVE_SYS_TYPES_H 1
| #define HAVE_UNISTD_H 1
| #define STDC_HEADERS 1
| #define HAVE_DLFCN_H 1
| #define LT_OBJDIR ".libs/"
| #define HAVE_SYS_WAIT_H 1
| #define HAVE_FCNTL_H 1
| #define HAVE_MALLOC_H 1
| #define HAVE_STRINGS_H 1
| #define HAVE_UNISTD_H 1
| #define HAVE_MKTIME 1
| #define HAVE_STRDUP 1
| #define HAVE_STRSTR 1
| #define HAVE_LASSEN 0
| #define HAVE_LIBJPEG 1
| /* end confdefs.h.  */
| 
| /* Override any GCC internal prototype to avoid an error.
|    Use char because int might match the return type of a GCC
|    builtin and then its argument prototype would still apply.  */
| char SDstart ();
| int
| main (void)
| {
| return SDstart ();
|   ;
|   return 0;
| }
configure:13432: result: no
configure:13442: checking for TKopen in -ltsdistk
configure:13465: gcc -o conftest -I/usr/include/hdf5/serial/ -L/usr/lib/x86_64-linux-gnu/hdf5/serial/   conftest.c -ltsdistk -L/usr/local/lib -ljpeg -lz -lm -lbz2 -lhdf5 -lhdf5_hl >&5
/usr/bin/ld: cannot find -ltsdistk: No such file or directory
collect2: error: ld returned 1 exit status
configure:13465: $? = 1
configure: failed program was:
| /* confdefs.h */
| #define PACKAGE_NAME "rsl"
| #define PACKAGE_TARNAME "rsl"
| #define PACKAGE_VERSION "v1.50"
| #define PACKAGE_STRING "rsl v1.50"
| #define PACKAGE_BUGREPORT ""
| #define PACKAGE_URL ""
| #define PACKAGE "rsl"
| #define VERSION "v1.50"
| #define HAVE_STDIO_H 1
| #define HAVE_STDLIB_H 1
| #define HAVE_STRING_H 1
| #define HAVE_INTTYPES_H 1
| #define HAVE_STDINT_H 1
| #define HAVE_STRINGS_H 1
| #define HAVE_SYS_STAT_H 1
| #define HAVE_SYS_TYPES_H 1
| #define HAVE_UNISTD_H 1
| #define STDC_HEADERS 1
| #define HAVE_DLFCN_H 1
| #define LT_OBJDIR ".libs/"
| #define HAVE_SYS_WAIT_H 1
| #define HAVE_FCNTL_H 1
| #define HAVE_MALLOC_H 1
| #define HAVE_STRINGS_H 1
| #define HAVE_UNISTD_H 1
| #define HAVE_MKTIME 1
| #define HAVE_STRDUP 1
| #define HAVE_STRSTR 1
| #define HAVE_LASSEN 0
| #define HAVE_LIBJPEG 1
| /* end confdefs.h.  */
| 
| /* Override any GCC internal prototype to avoid an error.
|    Use char because int might match the return type of a GCC
|    builtin and then its argument prototype would still apply.  */
| char TKopen ();
| int
| main (void)
| {
| return TKopen ();
|   ;
|   return 0;
| }
configure:13475: result: no
configure:13495: checking for /usr/local/lib/libetor.a
configure:13510: result: no
configure:13520: checking for /usr/local/lib/libetor.a
configure:13534: result: no
configure:13552: checking for yywrap in -ltsdistk
configure:13575: gcc -o conftest -I/usr/include/hdf5/serial/ -L/usr/lib/x86_64-linux-gnu/hdf5/serial/   conftest.c -ltsdistk -L/usr/local/lib -L/usr/local/lib -ljpeg -lz -lm -lbz2 -lhdf5 -lhdf5_hl >&5
/usr/bin/ld: cannot find -ltsdistk: No such file or directory
collect2: error: ld returned 1 exit status
configure:13575: $? = 1
configure: failed program was:
| /* confdefs.h */
| #define PACKAGE_NAME "rsl"
| #define PACKAGE_TARNAME "rsl"
| #define PACKAGE_VERSION "v1.50"
| #define PACKAGE_STRING "rsl v1.50"
| #define PACKAGE_BUGREPORT ""
| #define PACKAGE_URL ""
| #define PACKAGE "rsl"
| #define VERSION "v1.50"
| #define HAVE_STDIO_H 1
| #define HAVE_STDLIB_H 1
| #define HAVE_STRING_H 1
| #define HAVE_INTTYPES_H 1
| #define HAVE_STDINT_H 1
| #define HAVE_STRINGS_H 1
| #define HAVE_SYS_STAT_H 1
| #define HAVE_SYS_TYPES_H 1
| #define HAVE_UNISTD_H 1
| #define STDC_HEADERS 1
| #define HAVE_DLFCN_H 1
| #define LT_OBJDIR ".libs/"
| #define HAVE_SYS_WAIT_H 1
| #define HAVE_FCNTL_H 1
| #define HAVE_MALLOC_H 1
| #define HAVE_STRINGS_H 1
| #define HAVE_UNISTD_H 1
| #define HAVE_MKTIME 1
| #define HAVE_STRDUP 1
| #define HAVE_STRSTR 1
| #define HAVE_LASSEN 0
| #define HAVE_LIBJPEG 1
| /* end confdefs.h.  */
| 
| /* Override any GCC internal prototype to avoid an error.
|    Use char because int might match the return type of a GCC
|    builtin and then its argument prototype would still apply.  */
| char yywrap ();
| int
| main (void)
| {
| return yywrap ();
|   ;
|   return 0;
| }
configure:13585: result: no
configure:13596: result: LIBS = -L/usr/local/lib -ljpeg -lz -lm -lbz2 -lhdf5 -lhdf5_hl 
configure:13701: checking that generated files are newer than configure
configure:13707: result: done
configure:13730: creating ./config.status

## ---------------------- ##
## Running config.status. ##
## ---------------------- ##

This file was extended by rsl config.status v1.50, which was
generated by GNU Autoconf 2.71.  Invocation command line was

  CONFIG_FILES    = 
  CONFIG_HEADERS  = 
  CONFIG_LINKS    = 
  CONFIG_COMMANDS = 
  $ ./config.status 

on jen

config.status:1100: creating Makefile
config.status:1100: creating colors/Makefile
config.status:1100: creating doc/Makefile
config.status:1100: creating wsr88d_decode_ar2v/Makefile
config.status:1100: creating config.h
config.status:1281: config.h is unchanged
config.status:1329: executing depfiles commands
config.status:1406: cd .       && sed -e '/# am--include-marker/d' Makefile         | make -f - am--depfiles
config.status:1411: $? = 0
config.status:1406: cd wsr88d_decode_ar2v       && sed -e '/# am--include-marker/d' Makefile         | make -f - am--depfiles
make: Nothing to be done for 'am--depfiles'.
config.status:1411: $? = 0
config.status:1329: executing libtool commands

## ---------------- ##
## Cache variables. ##
## ---------------- ##

ac_cv_build=x86_64-unknown-linux-gnu
ac_cv_c_compiler_gnu=yes
ac_cv_c_const=yes
ac_cv_env_CC_set=
ac_cv_env_CC_value=
ac_cv_env_CFLAGS_set=set
ac_cv_env_CFLAGS_value='-I/usr/include/hdf5/serial/ -L/usr/lib/x86_64-linux-gnu/hdf5/serial/'
ac_cv_env_CPPFLAGS_set=
ac_cv_env_CPPFLAGS_value=
ac_cv_env_LDFLAGS_set=
ac_cv_env_LDFLAGS_value=
ac_cv_env_LIBS_set=
ac_cv_env_LIBS_value=
ac_cv_env_LT_SYS_LIBRARY_PATH_set=
ac_cv_env_LT_SYS_LIBRARY_PATH_value=
ac_cv_env_YACC_set=
ac_cv_env_YACC_value=
ac_cv_env_YFLAGS_set=
ac_cv_env_YFLAGS_value=
ac_cv_env_build_alias_set=
ac_cv_env_build_alias_value=
ac_cv_env_host_alias_set=
ac_cv_env_host_alias_value=
ac_cv_env_target_alias_set=
ac_cv_env_target_alias_value=
ac_cv_file__usr_local_lib_libetor_a=no
ac_cv_func_mktime=yes
ac_cv_func_strdup=yes
ac_cv_func_strstr=yes
ac_cv_header_dlfcn_h=yes
ac_cv_header_fcntl_h=yes
ac_cv_header_inttypes_h=yes
ac_cv_header_malloc_h=yes
ac_cv_header_stdint_h=yes
ac_cv_header_stdio_h=yes
ac_cv_header_stdlib_h=yes
ac_cv_header_string_h=yes
ac_cv_header_strings_h=yes
ac_cv_header_sys_stat_h=yes
ac_cv_header_sys_types_h=yes
ac_cv_header_sys_wait_h=yes
ac_cv_header_unistd_h=yes
ac_cv_host=x86_64-unknown-linux-gnu
ac_cv_lib_df_DFopen=no
ac_cv_lib_implode__implode=no
ac_cv_lib_jpeg_jpeg_CreateCompress=yes
ac_cv_lib_mfhdf_SDstart=no
ac_cv_lib_tsdistk_TKopen=no
ac_cv_lib_tsdistk_yywrap=no
ac_cv_objext=o
ac_cv_path_EGREP='/usr/bin/grep -E'
ac_cv_path_FGREP='/usr/bin/grep -F'
ac_cv_path_GREP=/usr/bin/grep
ac_cv_path_SED=/usr/bin/sed
ac_cv_path_install='/usr/bin/install -c'
ac_cv_path_lt_DD=/usr/bin/dd
ac_cv_path_mkdir=/usr/bin/mkdir
ac_cv_prog_AWK=mawk
ac_cv_prog_ac_ct_AR=ar
ac_cv_prog_ac_ct_CC=gcc
ac_cv_prog_ac_ct_FILECMD=file
ac_cv_prog_ac_ct_MANIFEST_TOOL=mt
ac_cv_prog_ac_ct_OBJDUMP=objdump
ac_cv_prog_ac_ct_RANLIB=ranlib
ac_cv_prog_ac_ct_STRIP=strip
ac_cv_prog_cc_c11=
ac_cv_prog_cc_g=yes
ac_cv_prog_cc_stdc=
ac_cv_prog_make_make_set=yes
ac_cv_struct_tm=time.h
ac_cv_type_size_t=yes
am_cv_CC_dependencies_compiler_type=gcc3
am_cv_make_support_nested_variables=yes
am_cv_prog_cc_c_o=yes
lt_cv_ar_at_file=@
lt_cv_archive_cmds_need_lc=no
lt_cv_deplibs_check_method=pass_all
lt_cv_file_magic_cmd='$MAGIC_CMD'
lt_cv_file_magic_test_file=
lt_cv_ld_reload_flag=-r
lt_cv_nm_interface='BSD nm'
lt_cv_objdir=.libs
lt_cv_path_LD=/usr/bin/ld
lt_cv_path_NM='/usr/bin/nm -B'
lt_cv_path_mainfest_tool=no
lt_cv_prog_compiler_c_o=yes
lt_cv_prog_compiler_pic='-fPIC -DPIC'
lt_cv_prog_compiler_pic_works=yes
lt_cv_prog_compiler_rtti_exceptions=no
lt_cv_prog_compiler_static_works=yes
lt_cv_prog_gnu_ld=yes
lt_cv_sharedlib_from_linklib_cmd='printf %s\n'
lt_cv_shlibpath_overrides_runpath=yes
lt_cv_sys_global_symbol_pipe='/usr/bin/sed -n -e '\''s/^.*[	 ]\([ABCDGIRSTW][ABCDGIRSTW]*\)[	 ][	 ]*\([_A-Za-z][_A-Za-z0-9]*\)$/\1 \2 \2/p'\'' | /usr/bin/sed '\''/ __gnu_lto/d'\'''
lt_cv_sys_global_symbol_to_c_name_address='/usr/bin/sed -n -e '\''s/^: \(.*\) .*$/  {"\1", (void *) 0},/p'\'' -e '\''s/^[ABCDGIRSTW][ABCDGIRSTW]* .* \(.*\)$/  {"\1", (void *) \&\1},/p'\'''
lt_cv_sys_global_symbol_to_c_name_address_lib_prefix='/usr/bin/sed -n -e '\''s/^: \(.*\) .*$/  {"\1", (void *) 0},/p'\'' -e '\''s/^[ABCDGIRSTW][ABCDGIRSTW]* .* \(lib.*\)$/  {"\1", (void *) \&\1},/p'\'' -e '\''s/^[ABCDGIRSTW][ABCDGIRSTW]* .* \(.*\)$/  {"lib\1", (void *) \&\1},/p'\'''
lt_cv_sys_global_symbol_to_cdecl='/usr/bin/sed -n -e '\''s/^T .* \(.*\)$/extern int \1();/p'\'' -e '\''s/^[ABCDGIRSTW][ABCDGIRSTW]* .* \(.*\)$/extern char \1;/p'\'''
lt_cv_sys_global_symbol_to_import=
lt_cv_sys_max_cmd_len=1572864
lt_cv_to_host_file_cmd=func_convert_file_noop
lt_cv_to_tool_file_cmd=func_convert_file_noop
lt_cv_truncate_bin='/usr/bin/dd bs=4096 count=1'

## ----------------- ##
## Output variables. ##
## ----------------- ##

ACLOCAL='${SHELL} '\''/home/tbiscaro/rsl-v1.50_HDF5/missing'\'' aclocal-1.16'
AMDEPBACKSLASH='\'
AMDEP_FALSE='#'
AMDEP_TRUE=''
AMTAR='$${TAR-tar}'
AM_BACKSLASH='\'
AM_DEFAULT_V='$(AM_DEFAULT_VERBOSITY)'
AM_DEFAULT_VERBOSITY='1'
AM_V='$(V)'
AR='ar'
AUTOCONF='${SHELL} '\''/home/tbiscaro/rsl-v1.50_HDF5/missing'\'' autoconf'
AUTOHEADER='${SHELL} '\''/home/tbiscaro/rsl-v1.50_HDF5/missing'\'' autoheader'
AUTOMAKE='${SHELL} '\''/home/tbiscaro/rsl-v1.50_HDF5/missing'\'' automake-1.16'
AWK='mawk'
CC='gcc'
CCDEPMODE='depmode=gcc3'
CFLAGS='-I/usr/include/hdf5/serial/ -L/usr/lib/x86_64-linux-gnu/hdf5/serial/'
CPPFLAGS=''
CSCOPE='cscope'
CTAGS='ctags'
CYGPATH_W='echo'
DEFS='-DHAVE_CONFIG_H'
DEPDIR='.deps'
DLLTOOL='false'
DSYMUTIL=''
DUMPBIN=''
ECHO_C=''
ECHO_N='-n'
ECHO_T=''
EGREP='/usr/bin/grep -E'
ETAGS='etags'
EXEEXT=''
FGREP='/usr/bin/grep -F'
FILECMD='file'
GREP='/usr/bin/grep'
INSTALL_DATA='${INSTALL} -m 644'
INSTALL_PROGRAM='${INSTALL}'
INSTALL_SCRIPT='${INSTALL}'
INSTALL_STRIP_PROGRAM='$(install_sh) -c -s'
LD='/usr/bin/ld -m elf_x86_64'
LDFLAGS=''
LEX='${SHELL} '\''/home/tbiscaro/rsl-v1.50_HDF5/missing'\'' flex'
LEXLIB=''
LEX_OUTPUT_ROOT=''
LIBOBJS=''
LIBS='-L/usr/local/lib -ljpeg -lz -lm -lbz2 -lhdf5 -lhdf5_hl '
LIBTOOL='$(SHELL) $(top_builddir)/libtool'
LIPO=''
LN_S='ln -s'
LTLIBOBJS=''
LT_SYS_LIBRARY_PATH=''
MAKEINFO='${SHELL} '\''/home/tbiscaro/rsl-v1.50_HDF5/missing'\'' makeinfo'
MANIFEST_TOOL=':'
MKDIR_P='/usr/bin/mkdir -p'
NM='/usr/bin/nm -B'
NMEDIT=''
OBJDUMP='objdump'
OBJEXT='o'
OTOOL64=''
OTOOL=''
PACKAGE='rsl'
PACKAGE_BUGREPORT=''
PACKAGE_NAME='rsl'
PACKAGE_STRING='rsl v1.50'
PACKAGE_TARNAME='rsl'
PACKAGE_URL=''
PACKAGE_VERSION='v1.50'
PATH_SEPARATOR=':'
RANLIB='ranlib'
SED='/usr/bin/sed'
SET_MAKE=''
SHELL='/bin/bash'
STRIP='strip'
VERSION='v1.50'
YACC='yacc'
YFLAGS=''
ac_ct_AR='ar'
ac_ct_CC='gcc'
ac_ct_DUMPBIN=''
am__EXEEXT_FALSE=''
am__EXEEXT_TRUE='#'
am__fastdepCC_FALSE='#'
am__fastdepCC_TRUE=''
am__include='include'
am__isrc=''
am__leading_dot='.'
am__nodep='_no'
am__quote=''
am__tar='$${TAR-tar} chof - "$$tardir"'
am__untar='$${TAR-tar} xf -'
bindir='${exec_prefix}/bin'
build='x86_64-unknown-linux-gnu'
build_alias=''
build_cpu='x86_64'
build_os='linux-gnu'
build_vendor='unknown'
datadir='${datarootdir}'
datarootdir='${prefix}/share'
docdir='${datarootdir}/doc/${PACKAGE_TARNAME}'
dvidir='${docdir}'
exec_prefix='${prefix}'
host='x86_64-unknown-linux-gnu'
host_alias=''
host_cpu='x86_64'
host_os='linux-gnu'
host_vendor='unknown'
htmldir='${docdir}'
includedir='${prefix}/include'
infodir='${datarootdir}/info'
install_sh='${SHELL} /home/tbiscaro/rsl-v1.50_HDF5/install-sh'
libdir='${exec_prefix}/lib'
libexecdir='${exec_prefix}/libexec'
localedir='${datarootdir}/locale'
localstatedir='${prefix}/var'
mandir='${datarootdir}/man'
mkdir_p='$(MKDIR_P)'
oldincludedir='/usr/include'
pdfdir='${docdir}'
prefix='/usr/local'
program_transform_name='s,x,x,'
psdir='${docdir}'
runstatedir='${localstatedir}/run'
sbindir='${exec_prefix}/sbin'
sharedstatedir='${prefix}/com'
sysconfdir='${prefix}/etc'
target_alias=''

## ----------- ##
## confdefs.h. ##
## ----------- ##

/* confdefs.h */
#define PACKAGE_NAME "rsl"
#define PACKAGE_TARNAME "rsl"
#define PACKAGE_VERSION "v1.50"
#define PACKAGE_STRING "rsl v1.50"
#define PACKAGE_BUGREPORT ""
#define PACKAGE_URL ""
#define PACKAGE "rsl"
#define VERSION "v1.50"
#define HAVE_STDIO_H 1
#define HAVE_STDLIB_H 1
#define HAVE_STRING_H 1
#define HAVE_INTTYPES_H 1
#define HAVE_STDINT_H 1
#define HAVE_STRINGS_H 1
#define HAVE_SYS_STAT_H 1
#define HAVE_SYS_TYPES_H 1
#define HAVE_UNISTD_H 1
#define STDC_HEADERS 1
#define HAVE_DLFCN_H 1
#define LT_OBJDIR ".libs/"
#define HAVE_SYS_WAIT_H 1
#define HAVE_FCNTL_H 1
#define HAVE_MALLOC_H 1
#define HAVE_STRINGS_H 1
#define HAVE_UNISTD_H 1
#define HAVE_MKTIME 1
#define HAVE_STRDUP 1
#define HAVE_STRSTR 1
#define HAVE_LASSEN 0
#define HAVE_LIBJPEG 1

configure: exit 0

## ---------------------- ##
## Running config.status. ##
## ---------------------- ##

This file was extended by rsl config.status v1.50, which was
generated by GNU Autoconf 2.71.  Invocation command line was

  CONFIG_FILES    = 
  CONFIG_HEADERS  = 
  CONFIG_LINKS    = 
  CONFIG_COMMANDS = 
  $ ./config.status config.h

on jen

config.status:1100: creating config.h
config.status:1281: config.h is unchanged
